<?xml version="1.0" encoding="UTF-8"?>
<testsuite name="Firefox_120_Mac_OS.ClassSpec Class" errors="0" failures="0" tests="1" time="0.0">
<testcase classname="Firefox_120_Mac_OS.ClassSpec Class" name="should return &quot;This is a Class!&quot; when executed" time="0.0"/>
</testsuite>
