<?xml version="1.0" encoding="UTF-8"?>
<testsuite name="Firefox_120_Mac_OS.AppSpec namespace" errors="0" failures="0" tests="1" time="0.0">
<testcase classname="Firefox_120_Mac_OS.AppSpec namespace" name="should create a namespaced object" time="0.0"/>
</testsuite>
