<?xml version="1.0" encoding="UTF-8"?>
<testsuite name="Firefox_110_Mac_OS.AppSpec hasOwn" errors="0" failures="1" tests="1" time="0.0010">
<testcase classname="Firefox_110_Mac_OS.AppSpec hasOwn" name="should return true if the object has its own property" time="0.0010">
<failure type="failed" message="[{&quot;message&quot;:&quot;Expected false to equal true.&quot;,&quot;name&quot;:&quot;Error&quot;,&quot;stack&quot;:&quot;\t\t\t()@spec/AppSpec.js:4\n\t\t\t()@lib/JasmineAdapter.js:33\n\t\t\t([object Object],b,b)@lib/JasmineAdapter.js:129\n\t\t\t(\&quot;runTestConfiguration\&quot;,[object Arguments])@http://localhost:4224/static/runner.js:356\n\t\t\t([object Object],b,b)@http://localhost:4224/static/runner.js:356\n\t\t\t([object Object],b,b)@http://localhost:4224/static/runner.js:356\n\t\t\t()@http://localhost:4224/static/runner.js:356\n\t\t\t([object Array],b,b,false)@http://localhost:4224/static/runner.js:356\n\t\t\t([object Array],false)@http://localhost:4224/static/runner.js:356\n\t\t\t([object Array])@http://localhost:4224/static/runner.js:356\n\t\t\tb([object Array])@http://localhost:4224/static/jstestdrivernamespace.js:1\n\t\t\t(\&quot;{\\\&quot;command\\\&quot;:\\\&quot;runTests\\\&quot;,\\\&quot;parameters\\\&quot;:[\\\&quot;[\\\\\\\&quot;all\\\\\\\&quot;]\\\&quot;,\\\&quot;false\\\&quot;,\\\&quot;\\\&quot;]}\&quot;,\&quot;success\&quot;,[object XMLHttpRequest])@http://localhost:4224/static/runner.js:356\n\t\t\tb(\&quot;{\\\&quot;command\\\&quot;:\\\&quot;runTests\\\&quot;,\\\&quot;parameters\\\&quot;:[\\\&quot;[\\\\\\\&quot;all\\\\\\\&quot;]\\\&quot;,\\\&quot;false\\\&quot;,\\\&quot;\\\&quot;]}\&quot;,\&quot;success\&quot;,[object XMLHttpRequest])@http://localhost:4224/static/jstestdrivernamespace.js:1\n\t\t\t([object Object],[object XMLHttpRequest],\&quot;success\&quot;,\&quot;{\\\&quot;command\\\&quot;:\\\&quot;runTests\\\&quot;,\\\&quot;parameters\\\&quot;:[\\\&quot;[\\\\\\\&quot;all\\\\\\\&quot;]\\\&quot;,\\\&quot;false\\\&quot;,\\\&quot;\\\&quot;]}\&quot;)@http://localhost:4224/static/lib/jquery-min.js:141\n\t\t\t([object Event])@http://localhost:4224/static/lib/jquery-min.js:140\n\t\t\t&quot;}]">			()@spec/AppSpec.js:4
			()@lib/JasmineAdapter.js:33
			([object Object],b,b)@lib/JasmineAdapter.js:129
			

</failure>
</testcase>
</testsuite>
